<?xml version="1.0" encoding="UTF-8"?>
<!-- Generated by org.testng.reporters.JUnitReportReporter -->
<testsuite skipped="0" hostname="DESKTOP-BOS2FN9" name="mavenproject1.DragandDrop" tests="1" failures="0" timestamp="01 Dec 2019 18:32:03 GMT" time="70.735" errors="0">
  <testcase name="Sign_On" time="70.735" classname="mavenproject1.DragandDrop"/>
</testsuite> <!-- mavenproject1.DragandDrop -->
